[debug] [2023-07-26T10:45:25.667Z] ----------------------------------------------------------------------
[debug] [2023-07-26T10:45:25.669Z] Command:       /usr/local/bin/firebase /Users/emco/.cache/firebase/tools/lib/node_modules/firebase-tools/lib/bin/firebase init
[debug] [2023-07-26T10:45:25.669Z] CLI Version:   12.4.4
[debug] [2023-07-26T10:45:25.670Z] Platform:      darwin
[debug] [2023-07-26T10:45:25.670Z] Node Version:  v16.16.0
[debug] [2023-07-26T10:45:25.676Z] Time:          Wed Jul 26 2023 11:45:25 GMT+0100 (West Africa Standard Time)
[debug] [2023-07-26T10:45:25.677Z] ----------------------------------------------------------------------
[debug] 
[debug] [2023-07-26T10:45:25.683Z] > command requires scopes: ["email","openid","https://www.googleapis.com/auth/cloudplatformprojects.readonly","https://www.googleapis.com/auth/firebase","https://www.googleapis.com/auth/cloud-platform"]
[debug] [2023-07-26T10:45:25.684Z] > authorizing via signed-in user (chiemma92@gmail.com)
[info] 
     ######## #### ########  ######## ########     ###     ######  ########
     ##        ##  ##     ## ##       ##     ##  ##   ##  ##       ##
     ######    ##  ########  ######   ########  #########  ######  ######
     ##        ##  ##    ##  ##       ##     ## ##     ##       ## ##
     ##       #### ##     ## ######## ########  ##     ##  ######  ########

You're about to initialize a Firebase project in this directory:

  /Users/emco/Desktop/firebase_tutorial/firebase/firebase-course

[info] 
=== Project Setup
[info] 
[info] First, let's associate this project directory with a Firebase project.
[info] You can create multiple project aliases by running firebase use --add, 
[info] but for now we'll just set up a default project.
[info] 
[debug] [2023-07-26T10:52:53.721Z] >>> [apiv2][query] GET https://firebase.googleapis.com/v1beta1/projects pageSize=100
[debug] [2023-07-26T10:52:54.852Z] <<< [apiv2][status] GET https://firebase.googleapis.com/v1beta1/projects 200
[debug] [2023-07-26T10:52:54.852Z] <<< [apiv2][body] GET https://firebase.googleapis.com/v1beta1/projects [omitted]
[info] i  Using project fir-course-9ea4f (firebase-course) 
[info] 
=== Hosting Setup
[info] 
[info] Your public directory is the folder (relative to your project directory) that
[info] will contain Hosting assets to be uploaded with firebase deploy. If you
[info] have a build process for your assets, use your build's output directory.
[info] 
[info] ✔  Wrote public/404.html 
[debug] [2023-07-26T11:01:45.171Z] >>> [apiv2][query] GET https://www.gstatic.com/firebasejs/releases.json [none]
[debug] [2023-07-26T11:01:45.441Z] <<< [apiv2][status] GET https://www.gstatic.com/firebasejs/releases.json 200
[debug] [2023-07-26T11:01:45.442Z] <<< [apiv2][body] GET https://www.gstatic.com/firebasejs/releases.json {"current":{"version":"10.1.0","browserURL":"https://www.gstatic.com/firebasejs/10.1.0/firebase.js","packageURL":"https://www.gstatic.com/firebasejs/10.1.0/firebase.tgz"},"live":{"version":"10.1","browserURL":"https://www.gstatic.com/firebasejs/live/10.1/firebase.js","packageURL":"https://www.gstatic.com/firebasejs/live/10.1/firebase.tgz"},"components":{"analytics":"https://www.gstatic.com/firebasejs/10.1.0/firebase-analytics.js","app":"https://www.gstatic.com/firebasejs/10.1.0/firebase-app.js","app-check":"https://www.gstatic.com/firebasejs/10.1.0/firebase-app-check.js","auth":"https://www.gstatic.com/firebasejs/10.1.0/firebase-auth.js","auth/cordova":"https://www.gstatic.com/firebasejs/10.1.0/firebase-auth/cordova.js","functions":"https://www.gstatic.com/firebasejs/10.1.0/firebase-functions.js","firestore":"https://www.gstatic.com/firebasejs/10.1.0/firebase-firestore.js","firestore/lite":"https://www.gstatic.com/firebasejs/10.1.0/firebase-firestore/lite.js","installations":"https://www.gstatic.com/firebasejs/10.1.0/firebase-installations.js","storage":"https://www.gstatic.com/firebasejs/10.1.0/firebase-storage.js","performance":"https://www.gstatic.com/firebasejs/10.1.0/firebase-performance.js","remote-config":"https://www.gstatic.com/firebasejs/10.1.0/firebase-remote-config.js","messaging":"https://www.gstatic.com/firebasejs/10.1.0/firebase-messaging.js","messaging/sw":"https://www.gstatic.com/firebasejs/10.1.0/firebase-messaging/sw.js","database":"https://www.gstatic.com/firebasejs/10.1.0/firebase-database.js","firestore.memory":"https://www.gstatic.com/firebasejs/10.1.0/firebase-firestore.memory.js"}}
[info] i  Skipping write of public/index.html 
[info] 
[info] i  Detected a .git folder at /Users/emco/Desktop/firebase_tutorial/firebase/firebase-course 
[info] i  Authorizing with GitHub to upload your service account to a GitHub repository's secrets store. 
[info] 
[info] Visit this URL on this device to log in:
[info] https://github.com/login/oauth/authorize?client_id=89cf50f02ac6aaed3484&state=472565177&redirect_uri=http%3A%2F%2Flocalhost%3A9005&scope=read%3Auser%20repo%20public_repo
[info] 
[info] Waiting for authentication...
[debug] [2023-07-26T11:02:31.992Z] >>> [apiv2][query] POST https://github.com/login/oauth/access_token [none]
[debug] [2023-07-26T11:02:31.992Z] >>> [apiv2][body] POST https://github.com/login/oauth/access_token [stream]
[debug] [2023-07-26T11:02:32.941Z] <<< [apiv2][status] POST https://github.com/login/oauth/access_token 200
[debug] [2023-07-26T11:02:32.941Z] <<< [apiv2][body] POST https://github.com/login/oauth/access_token {"access_token":"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","token_type":"bearer","scope":"read:user,repo"}
[debug] [2023-07-26T11:02:32.987Z] >>> [apiv2][query] GET https://api.github.com/user [none]
[debug] [2023-07-26T11:02:33.891Z] <<< [apiv2][status] GET https://api.github.com/user 200
[debug] [2023-07-26T11:02:33.892Z] <<< [apiv2][body] GET https://api.github.com/user {"login":"Chixi12345","id":73432912,"node_id":"MDQ6VXNlcjczNDMyOTEy","avatar_url":"https://avatars.githubusercontent.com/u/73432912?v=4","gravatar_id":"","url":"https://api.github.com/users/Chixi12345","html_url":"https://github.com/Chixi12345","followers_url":"https://api.github.com/users/Chixi12345/followers","following_url":"https://api.github.com/users/Chixi12345/following{/other_user}","gists_url":"https://api.github.com/users/Chixi12345/gists{/gist_id}","starred_url":"https://api.github.com/users/Chixi12345/starred{/owner}{/repo}","subscriptions_url":"https://api.github.com/users/Chixi12345/subscriptions","organizations_url":"https://api.github.com/users/Chixi12345/orgs","repos_url":"https://api.github.com/users/Chixi12345/repos","events_url":"https://api.github.com/users/Chixi12345/events{/privacy}","received_events_url":"https://api.github.com/users/Chixi12345/received_events","type":"User","site_admin":false,"name":"Emmanuel Chijioke","company":null,"blog":"","location":null,"email":null,"hireable":null,"bio":null,"twitter_username":null,"public_repos":17,"public_gists":0,"followers":0,"following":0,"created_at":"2020-10-25T14:32:16Z","updated_at":"2023-06-26T20:55:58Z","private_gists":0,"total_private_repos":9,"owned_private_repos":9,"disk_usage":118941,"collaborators":2,"two_factor_authentication":false,"plan":{"name":"free","space":976562499,"collaborators":0,"private_repos":10000}}
[info] 
[info] ✔  Success! Logged into GitHub as Chixi12345 
[info] 
